<?xml version="1.0" encoding="UTF-8"?>
<!-- Generated by org.testng.reporters.JUnitReportReporter -->
<testsuite hostname="DESKTOP-VFQBE55" failures="0" tests="1" name="testng_assignment_112_and_113.Test_Case" time="18.133" errors="0" timestamp="2023-10-18T14:32:31 IST" skipped="0">
  <testcase classname="testng_assignment_112_and_113.Test_Case" name="scenario2" time="18.133">
    <system-out>
      <![CDATA[Test Started
Test Success]]>
    </system-out>
  </testcase> <!-- scenario2 -->
  <system-out>
    <![CDATA[Test Started
Test Success]]>
  </system-out>
</testsuite> <!-- testng_assignment_112_and_113.Test_Case -->
