<?xml version="1.0" encoding="UTF-8"?>
<!-- Generated by org.testng.reporters.JUnitReportReporter -->
<testsuite hostname="DESKTOP-VFQBE55" failures="0" tests="1" name="testng_facebook_ddt.TC1" time="6.652" errors="0" timestamp="2023-10-17T19:48:55 IST" skipped="0">
  <testcase classname="testng_facebook_ddt.TC1" name="scenario1" time="6.652"/>
</testsuite> <!-- testng_facebook_ddt.TC1 -->
