<?xml version="1.0" encoding="UTF-8"?>
<!-- Generated by org.testng.reporters.JUnitReportReporter -->
<testsuite hostname="DESKTOP-VFQBE55" failures="0" tests="2" name="TestNG.Assignment83" time="0.024" errors="0" timestamp="2023-10-04T19:06:19 IST" skipped="0">
  <testcase classname="TestNG.Assignment83" name="testcase1" time="0.020"/>
  <testcase classname="TestNG.Assignment83" name="testcase2" time="0.004"/>
</testsuite> <!-- TestNG.Assignment83 -->
