<?xml version="1.0" encoding="UTF-8"?>
<!-- Generated by org.testng.reporters.JUnitReportReporter -->
<testsuite hostname="DESKTOP-VFQBE55" failures="0" tests="2" name="TestNG.Assignment91" time="0.027" errors="0" timestamp="2023-10-04T21:39:01 IST" skipped="0">
  <testcase classname="TestNG.Assignment91" name="testcase1" time="0.024"/>
  <testcase classname="TestNG.Assignment91" name="testcase2" time="0.003"/>
</testsuite> <!-- TestNG.Assignment91 -->
