<?xml version="1.0" encoding="UTF-8"?>
<!-- Generated by org.testng.reporters.JUnitReportReporter -->
<testsuite hostname="DESKTOP-VFQBE55" failures="0" tests="1" name="testng_runningmultipletestcases_1.Class_Div" time="0.001" errors="0" timestamp="2023-10-04T21:20:24 IST" skipped="0">
  <testcase classname="testng_runningmultipletestcases_1.Class_Div" name="div" time="0.001"/>
</testsuite> <!-- testng_runningmultipletestcases_1.Class_Div -->
