<?xml version="1.0" encoding="UTF-8"?>
<!-- Generated by org.testng.reporters.JUnitReportReporter -->
<testsuite hostname="DESKTOP-VFQBE55" failures="0" tests="1" name="TestNG.Assignment82" time="0.034" errors="0" timestamp="2023-10-04T19:03:14 IST" skipped="0">
  <testcase classname="TestNG.Assignment82" name="test" time="0.034"/>
</testsuite> <!-- TestNG.Assignment82 -->
