<?xml version="1.0" encoding="UTF-8"?>
<!-- Generated by org.testng.reporters.JUnitReportReporter -->
<testsuite hostname="DESKTOP-VFQBE55" failures="0" tests="1" name="TestNG.Assignment99" time="30.126" errors="0" timestamp="2023-10-05T18:37:18 IST" skipped="0">
  <testcase classname="TestNG.Assignment99" name="google" time="30.126"/>
</testsuite> <!-- TestNG.Assignment99 -->
