<?xml version="1.0" encoding="UTF-8"?>
<!-- Generated by org.testng.reporters.JUnitReportReporter -->
<testsuite hostname="DESKTOP-VFQBE55" failures="0" tests="1" name="testng_assignment111.Payment1_COD" time="86.529" errors="0" timestamp="2023-10-06T22:06:22 IST" skipped="0">
  <testcase classname="testng_assignment111.Payment1_COD" name="COD" time="86.529"/>
</testsuite> <!-- testng_assignment111.Payment1_COD -->
