<?xml version="1.0" encoding="UTF-8"?>
<!-- Generated by org.testng.reporters.JUnitReportReporter -->
<testsuite hostname="DESKTOP-VFQBE55" failures="0" tests="5" name="TestNG.Assignment95" time="52.215" errors="0" timestamp="2023-10-04T22:18:04 IST" skipped="0">
  <testcase classname="TestNG.Assignment95" name="testcase5" time="13.602"/>
  <testcase classname="TestNG.Assignment95" name="testcase1" time="9.789"/>
  <testcase classname="TestNG.Assignment95" name="testcase4" time="9.505"/>
  <testcase classname="TestNG.Assignment95" name="testcase2" time="9.885"/>
  <testcase classname="TestNG.Assignment95" name="testcase3" time="9.434"/>
</testsuite> <!-- TestNG.Assignment95 -->
