<?xml version="1.0" encoding="UTF-8"?>
<!-- Generated by org.testng.reporters.JUnitReportReporter -->
<testsuite hostname="DESKTOP-VFQBE55" failures="0" tests="3" name="TestNG.Assignment92" time="0.020" errors="0" timestamp="2023-10-04T21:45:01 IST" skipped="1">
  <testcase classname="TestNG.Assignment92" name="add1" time="0.016"/>
  <testcase classname="TestNG.Assignment92" name="add3" time="0.004"/>
  <testcase classname="TestNG.Assignment92" name="add2">
    <skipped/>
  </testcase> <!-- add2 -->
</testsuite> <!-- TestNG.Assignment92 -->
