<?xml version="1.0" encoding="UTF-8"?>
<!-- Generated by org.testng.reporters.JUnitReportReporter -->
<testsuite hostname="DESKTOP-VFQBE55" failures="0" tests="1" name="testng_assignment101.Payment1_COD" time="64.486" errors="0" timestamp="2023-10-05T19:16:00 IST" skipped="0">
  <testcase classname="testng_assignment101.Payment1_COD" name="COD" time="64.486"/>
</testsuite> <!-- testng_assignment101.Payment1_COD -->
