<?xml version="1.0" encoding="UTF-8"?>
<!-- Generated by org.testng.reporters.JUnitReportReporter -->
<testsuite hostname="DESKTOP-VFQBE55" failures="0" tests="3" name="TestNG.Assignment86" time="0.041" errors="0" timestamp="2023-10-04T19:19:59 IST" skipped="0">
  <testcase classname="TestNG.Assignment86" name="multiply" time="0.013"/>
  <testcase classname="TestNG.Assignment86" name="add" time="0.021"/>
  <testcase classname="TestNG.Assignment86" name="subtract" time="0.007"/>
</testsuite> <!-- TestNG.Assignment86 -->
