<?xml version="1.0" encoding="UTF-8"?>
<!-- Generated by org.testng.reporters.JUnitReportReporter -->
<testsuite hostname="DESKTOP-VFQBE55" failures="0" tests="1" name="testng_runningmultipletestcases_1.Class_Mul" time="0.027" errors="0" timestamp="2023-10-04T21:24:42 IST" skipped="0">
  <testcase classname="testng_runningmultipletestcases_1.Class_Mul" name="mul" time="0.027"/>
</testsuite> <!-- testng_runningmultipletestcases_1.Class_Mul -->
