<?xml version="1.0" encoding="UTF-8"?>
<!-- Generated by org.testng.reporters.JUnitReportReporter -->
<testsuite hostname="DESKTOP-VFQBE55" failures="0" tests="1" name="testng_runningmultipletestcases_1.Class_Add" time="0.005" errors="0" timestamp="2023-10-04T21:24:42 IST" skipped="0">
  <testcase classname="testng_runningmultipletestcases_1.Class_Add" name="add" time="0.005"/>
</testsuite> <!-- testng_runningmultipletestcases_1.Class_Add -->
