<?xml version="1.0" encoding="UTF-8"?>
<!-- Generated by org.testng.reporters.JUnitReportReporter -->
<testsuite hostname="DESKTOP-VFQBE55" failures="0" tests="3" name="TestNG.Assignment85" time="0.036" errors="0" timestamp="2023-10-04T19:18:27 IST" skipped="0">
  <testcase classname="TestNG.Assignment85" name="add" time="0.015"/>
  <testcase classname="TestNG.Assignment85" name="multiply" time="0.018"/>
  <testcase classname="TestNG.Assignment85" name="subtract" time="0.003"/>
</testsuite> <!-- TestNG.Assignment85 -->
