<?xml version="1.0" encoding="UTF-8"?>
<!-- Generated by org.testng.reporters.JUnitReportReporter -->
<testsuite hostname="DESKTOP-VFQBE55" failures="0" tests="1" name="TestNG.Assignment108" time="24.226" errors="0" timestamp="2023-10-07T11:18:19 IST" skipped="0">
  <testcase classname="TestNG.Assignment108" name="rightclick" time="24.226"/>
</testsuite> <!-- TestNG.Assignment108 -->
