<?xml version="1.0" encoding="UTF-8"?>
<!-- Generated by org.testng.reporters.JUnitReportReporter -->
<testsuite hostname="DESKTOP-VFQBE55" failures="0" tests="5" name="TestNG.Assignment93" time="0.024" errors="0" timestamp="2023-10-04T21:49:05 IST" skipped="0">
  <testcase classname="TestNG.Assignment93" name="add2" time="0.001"/>
  <testcase classname="TestNG.Assignment93" name="add1" time="0.018"/>
  <testcase classname="TestNG.Assignment93" name="add2" time="0.003"/>
  <testcase classname="TestNG.Assignment93" name="add3" time="0.001"/>
  <testcase classname="TestNG.Assignment93" name="add2" time="0.001"/>
</testsuite> <!-- TestNG.Assignment93 -->
