<?xml version="1.0" encoding="UTF-8"?>
<!-- Generated by org.testng.reporters.JUnitReportReporter -->
<testsuite hostname="DESKTOP-VFQBE55" failures="0" tests="1" name="synchronization.Launch_With_ImplicitWait" time="6.713" errors="0" timestamp="2023-10-17T20:32:22 IST" skipped="0">
  <testcase classname="synchronization.Launch_With_ImplicitWait" name="noImplicitWait" time="6.713"/>
</testsuite> <!-- synchronization.Launch_With_ImplicitWait -->
