<?xml version="1.0" encoding="UTF-8"?>
<!-- Generated by org.testng.reporters.JUnitReportReporter -->
<testsuite hostname="DESKTOP-VFQBE55" failures="0" tests="3" name="TestNG.Assignment88" time="0.021" errors="0" timestamp="2023-10-04T19:24:03 IST" skipped="0">
  <testcase classname="TestNG.Assignment88" name="multiply" time="0.003"/>
  <testcase classname="TestNG.Assignment88" name="subtract" time="0.005"/>
  <testcase classname="TestNG.Assignment88" name="add" time="0.013"/>
</testsuite> <!-- TestNG.Assignment88 -->
