<?xml version="1.0" encoding="UTF-8"?>
<!-- Generated by org.testng.reporters.JUnitReportReporter -->
<testsuite hostname="DESKTOP-VFQBE55" failures="0" tests="3" name="TestNG.Assignment87" time="0.037" errors="0" timestamp="2023-10-04T19:21:26 IST" skipped="0">
  <testcase classname="TestNG.Assignment87" name="add" time="0.029"/>
  <testcase classname="TestNG.Assignment87" name="subtract" time="0.004"/>
  <testcase classname="TestNG.Assignment87" name="multiply" time="0.004"/>
</testsuite> <!-- TestNG.Assignment87 -->
