<?xml version="1.0" encoding="UTF-8"?>
<!-- Generated by org.testng.reporters.JUnitReportReporter -->
<testsuite hostname="DESKTOP-VFQBE55" failures="0" tests="1" name="testng_assignment101.Payment3_OtherUPIApps" time="83.642" errors="0" timestamp="2023-10-05T19:16:00 IST" skipped="0">
  <testcase classname="testng_assignment101.Payment3_OtherUPIApps" name="upi" time="83.642"/>
</testsuite> <!-- testng_assignment101.Payment3_OtherUPIApps -->
