<?xml version="1.0" encoding="UTF-8"?>
<!-- Generated by org.testng.reporters.JUnitReportReporter -->
<testsuite hostname="DESKTOP-VFQBE55" failures="0" tests="1" name="testng_runningmultipletestcases.Class_Four" time="0.002" errors="0" timestamp="2023-10-04T21:12:36 IST" skipped="0">
  <testcase classname="testng_runningmultipletestcases.Class_Four" name="testcase4" time="0.002"/>
</testsuite> <!-- testng_runningmultipletestcases.Class_Four -->
