<?xml version="1.0" encoding="UTF-8"?>
<!-- Generated by org.testng.reporters.JUnitReportReporter -->
<testsuite hostname="DESKTOP-VFQBE55" failures="0" tests="2" name="TestNG.Priority_Parameter" time="0.026" errors="0" timestamp="2023-10-04T21:37:34 IST" skipped="0">
  <testcase classname="TestNG.Priority_Parameter" name="testcase2" time="0.024"/>
  <testcase classname="TestNG.Priority_Parameter" name="testcase1" time="0.002"/>
</testsuite> <!-- TestNG.Priority_Parameter -->
