<?xml version="1.0" encoding="UTF-8"?>
<!-- Generated by org.testng.reporters.JUnitReportReporter -->
<testsuite hostname="DESKTOP-VFQBE55" failures="0" tests="1" name="testng_assignment97.Payment3_OtherUPIApps" time="46.873" errors="0" timestamp="2023-10-04T23:49:22 IST" skipped="0">
  <testcase classname="testng_assignment97.Payment3_OtherUPIApps" name="upi" time="46.873"/>
</testsuite> <!-- testng_assignment97.Payment3_OtherUPIApps -->
