<?xml version="1.0" encoding="UTF-8"?>
<!-- Generated by org.testng.reporters.JUnitReportReporter -->
<testsuite hostname="DESKTOP-VFQBE55" failures="0" tests="1" name="testng_listeners.TestCase_1" time="12.067" errors="0" timestamp="2023-10-18T12:55:12 IST" skipped="0">
  <testcase classname="testng_listeners.TestCase_1" name="scenario1" time="12.067">
    <system-out>
      <![CDATA[Test Started
Test Success]]>
    </system-out>
  </testcase> <!-- scenario1 -->
  <system-out>
    <![CDATA[Test Started
Test Success]]>
  </system-out>
</testsuite> <!-- testng_listeners.TestCase_1 -->
