<?xml version="1.0" encoding="UTF-8"?>
<!-- Generated by org.testng.reporters.JUnitReportReporter -->
<testsuite hostname="DESKTOP-VFQBE55" failures="0" tests="1" name="TestNG.TimeOut_Parameter" time="12.017" errors="0" timestamp="2023-10-04T23:25:11 IST" skipped="0">
  <testcase classname="TestNG.TimeOut_Parameter" name="testcase1" time="12.017"/>
</testsuite> <!-- TestNG.TimeOut_Parameter -->
