<?xml version="1.0" encoding="UTF-8"?>
<!-- Generated by org.testng.reporters.JUnitReportReporter -->
<testsuite hostname="DESKTOP-VFQBE55" failures="0" tests="2" name="TestNG.Assignment88_A" time="0.011" errors="0" timestamp="2023-10-04T20:53:49 IST" skipped="0">
  <testcase classname="TestNG.Assignment88_A" name="add" time="0.009"/>
  <testcase classname="TestNG.Assignment88_A" name="subtract" time="0.002"/>
</testsuite> <!-- TestNG.Assignment88_A -->
