<?xml version="1.0" encoding="UTF-8"?>
<!-- Generated by org.testng.reporters.JUnitReportReporter -->
<testsuite hostname="DESKTOP-VFQBE55" failures="0" tests="1" name="testng_assignment103.Payment3_OtherUPIApps" time="79.893" errors="0" timestamp="2023-10-05T19:28:42 IST" skipped="0">
  <testcase classname="testng_assignment103.Payment3_OtherUPIApps" name="upi" time="79.893"/>
</testsuite> <!-- testng_assignment103.Payment3_OtherUPIApps -->
