<?xml version="1.0" encoding="UTF-8"?>
<!-- Generated by org.testng.reporters.JUnitReportReporter -->
<testsuite hostname="DESKTOP-VFQBE55" failures="0" tests="1" name="testng_assignment97.Payment1" time="51.012" errors="0" timestamp="2023-10-04T23:40:17 IST" skipped="0">
  <testcase classname="testng_assignment97.Payment1" name="COD" time="51.012"/>
</testsuite> <!-- testng_assignment97.Payment1 -->
