<?xml version="1.0" encoding="UTF-8"?>
<!-- Generated by org.testng.reporters.JUnitReportReporter -->
<testsuite hostname="DESKTOP-VFQBE55" failures="0" tests="1" name="datadriventesting.Assignment104" time="0.918" errors="0" timestamp="2023-10-05T22:34:05 IST" skipped="0">
  <testcase classname="datadriventesting.Assignment104" name="ddt" time="0.918"/>
</testsuite> <!-- datadriventesting.Assignment104 -->
