<?xml version="1.0" encoding="UTF-8"?>
<!-- Generated by org.testng.reporters.JUnitReportReporter -->
<testsuite hostname="DESKTOP-VFQBE55" failures="0" tests="1" name="TestNG.Assignment94" time="13.425" errors="0" timestamp="2023-10-04T22:03:27 IST" skipped="0">
  <testcase classname="TestNG.Assignment94" name="testcase1" time="13.425"/>
</testsuite> <!-- TestNG.Assignment94 -->
