<?xml version="1.0" encoding="UTF-8"?>
<!-- Generated by org.testng.reporters.JUnitReportReporter -->
<testsuite hostname="DESKTOP-VFQBE55" failures="0" tests="1" name="TestNG.Assignment98" time="0.025" errors="0" timestamp="2023-10-05T15:09:29 IST" skipped="0">
  <testcase classname="TestNG.Assignment98" name="sample" time="0.025"/>
</testsuite> <!-- TestNG.Assignment98 -->
