<?xml version="1.0" encoding="UTF-8"?>
<!-- Generated by org.testng.reporters.JUnitReportReporter -->
<testsuite hostname="DESKTOP-VFQBE55" failures="0" tests="1" name="TestNG.Testng_Basic_Program" time="9.532" errors="0" timestamp="2023-10-04T15:55:46 IST" skipped="0">
  <testcase classname="TestNG.Testng_Basic_Program" name="testcase1" time="9.532"/>
</testsuite> <!-- TestNG.Testng_Basic_Program -->
