<?xml version="1.0" encoding="UTF-8"?>
<!-- Generated by org.testng.reporters.JUnitReportReporter -->
<testsuite hostname="DESKTOP-VFQBE55" failures="0" tests="1" name="datadriventesting.Assignment107" time="0.735" errors="0" timestamp="2023-10-05T22:57:08 IST" skipped="0">
  <testcase classname="datadriventesting.Assignment107" name="ddtexception" time="0.735"/>
</testsuite> <!-- datadriventesting.Assignment107 -->
