<?xml version="1.0" encoding="UTF-8"?>
<!-- Generated by org.testng.reporters.JUnitReportReporter -->
<testsuite hostname="DESKTOP-VFQBE55" failures="0" tests="1" name="TestNG.Assignment100" time="0.061" errors="0" timestamp="2023-10-05T15:26:41 IST" skipped="0">
  <testcase classname="TestNG.Assignment100" name="random" time="0.061"/>
</testsuite> <!-- TestNG.Assignment100 -->
