<?xml version="1.0" encoding="UTF-8"?>
<!-- Generated by org.testng.reporters.JUnitReportReporter -->
<testsuite hostname="DESKTOP-VFQBE55" failures="0" tests="2" name="TestNG.Enabled_Parameter" time="0.018" errors="0" timestamp="2023-10-04T21:43:23 IST" skipped="1">
  <testcase classname="TestNG.Enabled_Parameter" name="testcase2" time="0.018"/>
  <testcase classname="TestNG.Enabled_Parameter" name="testcase1">
    <skipped/>
  </testcase> <!-- testcase1 -->
</testsuite> <!-- TestNG.Enabled_Parameter -->
