<?xml version="1.0" encoding="UTF-8"?>
<!-- Generated by org.testng.reporters.JUnitReportReporter -->
<testsuite hostname="DESKTOP-VFQBE55" failures="0" tests="1" name="TestNG.Assignment81_A" time="0.011" errors="0" timestamp="2023-10-04T18:49:47 IST" skipped="0">
  <testcase classname="TestNG.Assignment81_A" name="test" time="0.011"/>
</testsuite> <!-- TestNG.Assignment81_A -->
