<?xml version="1.0" encoding="UTF-8"?>
<!-- Generated by org.testng.reporters.JUnitReportReporter -->
<testsuite hostname="DESKTOP-VFQBE55" failures="0" tests="1" name="TestNG.Assignment109" time="26.877" errors="0" timestamp="2023-10-07T11:24:15 IST" skipped="0">
  <testcase classname="TestNG.Assignment109" name="righclickandchooseoption" time="26.877"/>
</testsuite> <!-- TestNG.Assignment109 -->
