<?xml version="1.0" encoding="UTF-8"?>
<!-- Generated by org.testng.reporters.JUnitReportReporter -->
<testsuite hostname="DESKTOP-VFQBE55" failures="0" tests="2" name="TestNG.Assignment84" time="0.026" errors="0" timestamp="2023-10-04T19:12:02 IST" skipped="0">
  <testcase classname="TestNG.Assignment84" name="subtract" time="0.007"/>
  <testcase classname="TestNG.Assignment84" name="add" time="0.019"/>
</testsuite> <!-- TestNG.Assignment84 -->
