<?xml version="1.0" encoding="UTF-8"?>
<!-- Generated by org.testng.reporters.JUnitReportReporter -->
<testsuite hostname="DESKTOP-VFQBE55" failures="0" tests="1" name="testng_runningmultipletestcases_1.Class_Sub" time="0.006" errors="0" timestamp="2023-10-04T21:24:42 IST" skipped="0">
  <testcase classname="testng_runningmultipletestcases_1.Class_Sub" name="sub" time="0.006"/>
</testsuite> <!-- testng_runningmultipletestcases_1.Class_Sub -->
