<?xml version="1.0" encoding="UTF-8"?>
<!-- Generated by org.testng.reporters.JUnitReportReporter -->
<testsuite hostname="DESKTOP-VFQBE55" failures="0" tests="1" name="ddttest_amazon.DDT_Class" time="0.701" errors="0" timestamp="2023-09-21T17:41:35 IST" skipped="0">
  <testcase classname="ddttest_amazon.DDT_Class" name="code" time="0.701"/>
</testsuite> <!-- ddttest_amazon.DDT_Class -->
